<?xml version="1.0" encoding="UTF-8"?>
<!-- Generated by org.testng.reporters.JUnitXMLReporter -->
<testsuite hostname="DESKTOP-GLN0CH9" ignored="0" name="Different testng feature test" tests="24" failures="1" timestamp="2020-03-17T16:17:25 PDT" time="127.952" errors="0">
  <testcase name="test1" time="0.011" classname="TestNGDemo.TNGDemo.ExceptionTimeOutTest"/>
  <testcase name="mailLinkTest" time="0.65" classname="TestNGDemo.TNGDemo.GoogleTest"/>
  <testcase name="googleTitleTet" time="0.02" classname="TestNGDemo.TNGDemo.GoogleTest"/>
  <testcase name="test1" time="0.002" classname="TestNGDemo.TNGDemo.GoogleTest"/>
  <testcase name="test2" time="0.003" classname="TestNGDemo.TNGDemo.GoogleTest"/>
  <testcase name="test3" time="0.002" classname="TestNGDemo.TNGDemo.GoogleTest"/>
  <testcase name="googleLogoTest" time="30.32" classname="TestNGDemo.TNGDemo.GoogleTitleTest">
    <failure type="org.openqa.selenium.NoSuchElementException" message="no such element: Unable to locate element: {&amp;quot;method&amp;quot;:&amp;quot;xpath&amp;quot;,&amp;quot;selector&amp;quot;:&amp;quot;/html/body/div[4]/div[1]/div[1]&amp;quot;}
  (Session info: chrome=80.0.3987.132)
For documentation on this error, please visit: https://www.seleniumhq.org/exceptions/no_such_element.html
Build info: version: &amp;apos;3.141.59&amp;apos;, revision: &amp;apos;e82be7d358&amp;apos;, time: &amp;apos;2018-11-14T08:17:03&amp;apos;
System info: host: &amp;apos;DESKTOP-GLN0CH9&amp;apos;, ip: &amp;apos;192.168.0.15&amp;apos;, os.name: &amp;apos;Windows 10&amp;apos;, os.arch: &amp;apos;amd64&amp;apos;, os.version: &amp;apos;10.0&amp;apos;, java.version: &amp;apos;1.8.0_241&amp;apos;
Driver info: org.openqa.selenium.chrome.ChromeDriver
Capabilities {acceptInsecureCerts: false, browserName: chrome, browserVersion: 80.0.3987.132, chrome: {chromedriverVersion: 79.0.3945.36 (3582db32b3389..., userDataDir: C:\Users\kakum\AppData\Loca...}, goog:chromeOptions: {debuggerAddress: localhost:54347}, javascriptEnabled: true, networkConnectionEnabled: false, pageLoadStrategy: normal, platform: WINDOWS, platformName: WINDOWS, proxy: Proxy(), setWindowRect: true, strictFileInteractability: false, timeouts: {implicit: 0, pageLoad: 300000, script: 30000}, unhandledPromptBehavior: dismiss and notify}
Session ID: fe3f03068e28495c456dff0bd3a31883
*** Element info: {Using=xpath, value=/html/body/div[4]/div[1]/div[1]}">
      <![CDATA[org.openqa.selenium.NoSuchElementException: no such element: Unable to locate element: {"method":"xpath","selector":"/html/body/div[4]/div[1]/div[1]"}
  (Session info: chrome=80.0.3987.132)
For documentation on this error, please visit: https://www.seleniumhq.org/exceptions/no_such_element.html
Build info: version: '3.141.59', revision: 'e82be7d358', time: '2018-11-14T08:17:03'
System info: host: 'DESKTOP-GLN0CH9', ip: '192.168.0.15', os.name: 'Windows 10', os.arch: 'amd64', os.version: '10.0', java.version: '1.8.0_241'
Driver info: org.openqa.selenium.chrome.ChromeDriver
Capabilities {acceptInsecureCerts: false, browserName: chrome, browserVersion: 80.0.3987.132, chrome: {chromedriverVersion: 79.0.3945.36 (3582db32b3389..., userDataDir: C:\Users\kakum\AppData\Loca...}, goog:chromeOptions: {debuggerAddress: localhost:54347}, javascriptEnabled: true, networkConnectionEnabled: false, pageLoadStrategy: normal, platform: WINDOWS, platformName: WINDOWS, proxy: Proxy(), setWindowRect: true, strictFileInteractability: false, timeouts: {implicit: 0, pageLoad: 300000, script: 30000}, unhandledPromptBehavior: dismiss and notify}
Session ID: fe3f03068e28495c456dff0bd3a31883
*** Element info: {Using=xpath, value=/html/body/div[4]/div[1]/div[1]}
at org.openqa.selenium.remote.http.W3CHttpResponseCodec.createException(W3CHttpResponseCodec.java:187)
at org.openqa.selenium.remote.http.W3CHttpResponseCodec.decode(W3CHttpResponseCodec.java:122)
at org.openqa.selenium.remote.http.W3CHttpResponseCodec.decode(W3CHttpResponseCodec.java:49)
at org.openqa.selenium.remote.HttpCommandExecutor.execute(HttpCommandExecutor.java:158)
at org.openqa.selenium.remote.service.DriverCommandExecutor.execute(DriverCommandExecutor.java:83)
at org.openqa.selenium.remote.RemoteWebDriver.execute(RemoteWebDriver.java:552)
at org.openqa.selenium.remote.RemoteWebDriver.findElement(RemoteWebDriver.java:323)
at org.openqa.selenium.remote.RemoteWebDriver.findElementByXPath(RemoteWebDriver.java:428)
at org.openqa.selenium.By$ByXPath.findElement(By.java:353)
at org.openqa.selenium.remote.RemoteWebDriver.findElement(RemoteWebDriver.java:315)
at TestNGDemo.TNGDemo.GoogleTitleTest.googleLogoTest(GoogleTitleTest.java:43)
at java.util.ArrayList.forEach(ArrayList.java:1257)
... Removed 31 stack frames]]>
    </failure>
  </testcase> <!-- googleLogoTest -->
  <testcase name="googleTitleTet" time="0.032" classname="TestNGDemo.TNGDemo.GoogleTitleTest"/>
  <testcase name="sum" time="0.002" classname="TestNGDemo.TNGDemo.InvocationCountTest"/>
  <testcase name="sum" time="0.002" classname="TestNGDemo.TNGDemo.InvocationCountTest"/>
  <testcase name="sum" time="0.002" classname="TestNGDemo.TNGDemo.InvocationCountTest"/>
  <testcase name="sum" time="0.002" classname="TestNGDemo.TNGDemo.InvocationCountTest"/>
  <testcase name="sum" time="0.001" classname="TestNGDemo.TNGDemo.InvocationCountTest"/>
  <testcase name="sum" time="0.002" classname="TestNGDemo.TNGDemo.InvocationCountTest"/>
  <testcase name="sum" time="0.004" classname="TestNGDemo.TNGDemo.InvocationCountTest"/>
  <testcase name="sum" time="0.002" classname="TestNGDemo.TNGDemo.InvocationCountTest"/>
  <testcase name="sum" time="0.001" classname="TestNGDemo.TNGDemo.InvocationCountTest"/>
  <testcase name="sum" time="0.001" classname="TestNGDemo.TNGDemo.InvocationCountTest"/>
  <testcase name="googleTitleTest" time="0.002" classname="TestNGDemo.TNGDemo.TestNGBasics"/>
  <testcase name="searchTest" time="0.0" classname="TestNGDemo.TNGDemo.TestNGBasics"/>
  <testcase name="loginTest" time="0.001" classname="TestNGDemo.TNGDemo.TestNGFeatures"/>
  <testcase name="homePageTest" time="0.002" classname="TestNGDemo.TNGDemo.TestNGFeatures"/>
  <testcase name="regPageTest" time="0.003" classname="TestNGDemo.TNGDemo.TestNGFeatures"/>
  <testcase name="searchPageTest" time="0.002" classname="TestNGDemo.TNGDemo.TestNGFeatures"/>
</testsuite> <!-- Different testng feature test -->
