<html>
<head>
<title>TestNG:  Different testng feature test</title>
<link href="../testng.css" rel="stylesheet" type="text/css" />
<link href="../my-testng.css" rel="stylesheet" type="text/css" />

<style type="text/css">
.log { display: none;} 
.stack-trace { display: none;} 
</style>
<script type="text/javascript">
<!--
function flip(e) {
  current = e.style.display;
  if (current == 'block') {
    e.style.display = 'none';
    return 0;
  }
  else {
    e.style.display = 'block';
    return 1;
  }
}

function toggleBox(szDivId, elem, msg1, msg2)
{
  var res = -1;  if (document.getElementById) {
    res = flip(document.getElementById(szDivId));
  }
  else if (document.all) {
    // this is the way old msie versions work
    res = flip(document.all[szDivId]);
  }
  if(elem) {
    if(res == 0) elem.innerHTML = msg1; else elem.innerHTML = msg2;
  }

}

function toggleAllBoxes() {
  if (document.getElementsByTagName) {
    d = document.getElementsByTagName('div');
    for (i = 0; i < d.length; i++) {
      if (d[i].className == 'log') {
        flip(d[i]);
      }
    }
  }
}

// -->
</script>

</head>
<body>
<h2 align='center'>Different testng feature test</h2><table border='1' align="center">
<tr>
<td>Tests passed/Failed/Skipped:</td><td>23/1/0</td>
</tr><tr>
<td>Started on:</td><td>Tue Mar 17 16:15:17 PDT 2020</td>
</tr>
<tr><td>Total time:</td><td>127 seconds (127952 ms)</td>
</tr><tr>
<td>Included groups:</td><td></td>
</tr><tr>
<td>Excluded groups:</td><td></td>
</tr>
</table><p/>
<small><i>(Hover the method name to see the test class name)</i></small><p/>
<table width='100%' border='1' class='invocation-failed'>
<tr><td colspan='4' align='center'><b>FAILED TESTS</b></td></tr>
<tr><td><b>Test method</b></td>
<td width="30%"><b>Exception</b></td>
<td width="10%"><b>Time (seconds)</b></td>
<td><b>Instance</b></td>
</tr>
<tr>
<td title='TestNGDemo.TNGDemo.GoogleTitleTest.googleLogoTest()'><b>googleLogoTest</b><br>Test class: TestNGDemo.TNGDemo.GoogleTitleTest</td>
<td><div><pre>org.openqa.selenium.NoSuchElementException: no such element: Unable to locate element: {&quot;method&quot;:&quot;xpath&quot;,&quot;selector&quot;:&quot;/html/body/div[4]/div[1]/div[1]&quot;}
  (Session info: chrome=80.0.3987.132)
For documentation on this error, please visit: https://www.seleniumhq.org/exceptions/no_such_element.html
Build info: version: &apos;3.141.59&apos;, revision: &apos;e82be7d358&apos;, time: &apos;2018-11-14T08:17:03&apos;
System info: host: &apos;DESKTOP-GLN0CH9&apos;, ip: &apos;192.168.0.15&apos;, os.name: &apos;Windows 10&apos;, os.arch: &apos;amd64&apos;, os.version: &apos;10.0&apos;, java.version: &apos;1.8.0_241&apos;
Driver info: org.openqa.selenium.chrome.ChromeDriver
Capabilities {acceptInsecureCerts: false, browserName: chrome, browserVersion: 80.0.3987.132, chrome: {chromedriverVersion: 79.0.3945.36 (3582db32b3389..., userDataDir: C:\Users\kakum\AppData\Loca...}, goog:chromeOptions: {debuggerAddress: localhost:54347}, javascriptEnabled: true, networkConnectionEnabled: false, pageLoadStrategy: normal, platform: WINDOWS, platformName: WINDOWS, proxy: Proxy(), setWindowRect: true, strictFileInteractability: false, timeouts: {implicit: 0, pageLoad: 300000, script: 30000}, unhandledPromptBehavior: dismiss and notify}
Session ID: fe3f03068e28495c456dff0bd3a31883
*** Element info: {Using=xpath, value=/html/body/div[4]/div[1]/div[1]}
	at org.openqa.selenium.remote.http.W3CHttpResponseCodec.createException(W3CHttpResponseCodec.java:187)
	at org.openqa.selenium.remote.http.W3CHttpResponseCodec.decode(W3CHttpResponseCodec.java:122)
	at org.openqa.selenium.remote.http.W3CHttpResponseCodec.decode(W3CHttpResponseCodec.java:49)
	at org.openqa.selenium.remote.HttpCommandExecutor.execute(HttpCommandExecutor.java:158)
	at org.openqa.selenium.remote.service.DriverCommandExecutor.execute(DriverCommandExecutor.java:83)
	at org.openqa.selenium.remote.RemoteWebDriver.execute(RemoteWebDriver.java:552)
	at org.openqa.selenium.remote.RemoteWebDriver.findElement(RemoteWebDriver.java:323)
	at org.openqa.selenium.remote.RemoteWebDriver.findElementByXPath(RemoteWebDriver.java:428)
	at org.openqa.selenium.By$ByXPath.findElement(By.java:353)
	at org.openqa.selenium.remote.RemoteWebDriver.findElement(RemoteWebDriver.java:315)
	at TestNGDemo.TNGDemo.GoogleTitleTest.googleLogoTest(GoogleTitleTest.java:43)
	at java.util.ArrayList.forEach(ArrayList.java:1257)
... Removed 31 stack frames</pre></div><a href='#' onClick='toggleBox("stack-trace1108889615", this, "Click to show all stack frames", "Click to hide stack frames")'>Click to show all stack frames</a>
<div class='stack-trace' id='stack-trace1108889615'><pre>org.openqa.selenium.NoSuchElementException: no such element: Unable to locate element: {&quot;method&quot;:&quot;xpath&quot;,&quot;selector&quot;:&quot;/html/body/div[4]/div[1]/div[1]&quot;}
  (Session info: chrome=80.0.3987.132)
For documentation on this error, please visit: https://www.seleniumhq.org/exceptions/no_such_element.html
Build info: version: &apos;3.141.59&apos;, revision: &apos;e82be7d358&apos;, time: &apos;2018-11-14T08:17:03&apos;
System info: host: &apos;DESKTOP-GLN0CH9&apos;, ip: &apos;192.168.0.15&apos;, os.name: &apos;Windows 10&apos;, os.arch: &apos;amd64&apos;, os.version: &apos;10.0&apos;, java.version: &apos;1.8.0_241&apos;
Driver info: org.openqa.selenium.chrome.ChromeDriver
Capabilities {acceptInsecureCerts: false, browserName: chrome, browserVersion: 80.0.3987.132, chrome: {chromedriverVersion: 79.0.3945.36 (3582db32b3389..., userDataDir: C:\Users\kakum\AppData\Loca...}, goog:chromeOptions: {debuggerAddress: localhost:54347}, javascriptEnabled: true, networkConnectionEnabled: false, pageLoadStrategy: normal, platform: WINDOWS, platformName: WINDOWS, proxy: Proxy(), setWindowRect: true, strictFileInteractability: false, timeouts: {implicit: 0, pageLoad: 300000, script: 30000}, unhandledPromptBehavior: dismiss and notify}
Session ID: fe3f03068e28495c456dff0bd3a31883
*** Element info: {Using=xpath, value=/html/body/div[4]/div[1]/div[1]}
	at sun.reflect.NativeConstructorAccessorImpl.newInstance0(Native Method)
	at sun.reflect.NativeConstructorAccessorImpl.newInstance(NativeConstructorAccessorImpl.java:62)
	at sun.reflect.DelegatingConstructorAccessorImpl.newInstance(DelegatingConstructorAccessorImpl.java:45)
	at java.lang.reflect.Constructor.newInstance(Constructor.java:423)
	at org.openqa.selenium.remote.http.W3CHttpResponseCodec.createException(W3CHttpResponseCodec.java:187)
	at org.openqa.selenium.remote.http.W3CHttpResponseCodec.decode(W3CHttpResponseCodec.java:122)
	at org.openqa.selenium.remote.http.W3CHttpResponseCodec.decode(W3CHttpResponseCodec.java:49)
	at org.openqa.selenium.remote.HttpCommandExecutor.execute(HttpCommandExecutor.java:158)
	at org.openqa.selenium.remote.service.DriverCommandExecutor.execute(DriverCommandExecutor.java:83)
	at org.openqa.selenium.remote.RemoteWebDriver.execute(RemoteWebDriver.java:552)
	at org.openqa.selenium.remote.RemoteWebDriver.findElement(RemoteWebDriver.java:323)
	at org.openqa.selenium.remote.RemoteWebDriver.findElementByXPath(RemoteWebDriver.java:428)
	at org.openqa.selenium.By$ByXPath.findElement(By.java:353)
	at org.openqa.selenium.remote.RemoteWebDriver.findElement(RemoteWebDriver.java:315)
	at TestNGDemo.TNGDemo.GoogleTitleTest.googleLogoTest(GoogleTitleTest.java:43)
	at sun.reflect.NativeMethodAccessorImpl.invoke0(Native Method)
	at sun.reflect.NativeMethodAccessorImpl.invoke(NativeMethodAccessorImpl.java:62)
	at sun.reflect.DelegatingMethodAccessorImpl.invoke(DelegatingMethodAccessorImpl.java:43)
	at java.lang.reflect.Method.invoke(Method.java:498)
	at org.testng.internal.MethodInvocationHelper.invokeMethod(MethodInvocationHelper.java:134)
	at org.testng.internal.TestInvoker.invokeMethod(TestInvoker.java:597)
	at org.testng.internal.TestInvoker.invokeTestMethod(TestInvoker.java:173)
	at org.testng.internal.MethodRunner.runInSequence(MethodRunner.java:46)
	at org.testng.internal.TestInvoker$MethodInvocationAgent.invoke(TestInvoker.java:816)
	at org.testng.internal.TestInvoker.invokeTestMethods(TestInvoker.java:146)
	at org.testng.internal.TestMethodWorker.invokeTestMethods(TestMethodWorker.java:146)
	at org.testng.internal.TestMethodWorker.run(TestMethodWorker.java:128)
	at java.util.ArrayList.forEach(ArrayList.java:1257)
	at org.testng.TestRunner.privateRun(TestRunner.java:766)
	at org.testng.TestRunner.run(TestRunner.java:587)
	at org.testng.SuiteRunner.runTest(SuiteRunner.java:384)
	at org.testng.SuiteRunner.runSequentially(SuiteRunner.java:378)
	at org.testng.SuiteRunner.privateRun(SuiteRunner.java:337)
	at org.testng.SuiteRunner.run(SuiteRunner.java:286)
	at org.testng.SuiteRunnerWorker.runSuite(SuiteRunnerWorker.java:53)
	at org.testng.SuiteRunnerWorker.run(SuiteRunnerWorker.java:96)
	at org.testng.TestNG.runSuitesSequentially(TestNG.java:1187)
	at org.testng.TestNG.runSuitesLocally(TestNG.java:1109)
	at org.testng.TestNG.runSuites(TestNG.java:1039)
	at org.testng.TestNG.run(TestNG.java:1007)
	at org.testng.remote.AbstractRemoteTestNG.run(AbstractRemoteTestNG.java:115)
	at org.testng.remote.RemoteTestNG.initAndRun(RemoteTestNG.java:251)
	at org.testng.remote.RemoteTestNG.main(RemoteTestNG.java:77)
</pre></div></td>
<td>30</td>
<td>TestNGDemo.TNGDemo.GoogleTitleTest@5d76b067</td></tr>
</table><p>
<table width='100%' border='1' class='invocation-passed'>
<tr><td colspan='4' align='center'><b>PASSED TESTS</b></td></tr>
<tr><td><b>Test method</b></td>
<td width="30%"><b>Exception</b></td>
<td width="10%"><b>Time (seconds)</b></td>
<td><b>Instance</b></td>
</tr>
<tr>
<td title='TestNGDemo.TNGDemo.TestNGBasics.googleTitleTest()'><b>googleTitleTest</b><br>Test class: TestNGDemo.TNGDemo.TestNGBasics</td>
<td></td>
<td>0</td>
<td>TestNGDemo.TNGDemo.TestNGBasics@5e853265</td></tr>
<tr>
<td title='TestNGDemo.TNGDemo.GoogleTest.googleTitleTet()'><b>googleTitleTet</b><br>Test class: TestNGDemo.TNGDemo.GoogleTest</td>
<td></td>
<td>0</td>
<td>TestNGDemo.TNGDemo.GoogleTest@7d0587f1</td></tr>
<tr>
<td title='TestNGDemo.TNGDemo.GoogleTitleTest.googleTitleTet()'><b>googleTitleTet</b><br>Test class: TestNGDemo.TNGDemo.GoogleTitleTest</td>
<td></td>
<td>0</td>
<td>TestNGDemo.TNGDemo.GoogleTitleTest@5d76b067</td></tr>
<tr>
<td title='TestNGDemo.TNGDemo.TestNGFeatures.homePageTest()'><b>homePageTest</b><br>Test class: TestNGDemo.TNGDemo.TestNGFeatures</td>
<td></td>
<td>0</td>
<td>TestNGDemo.TNGDemo.TestNGFeatures@4f063c0a</td></tr>
<tr>
<td title='TestNGDemo.TNGDemo.TestNGFeatures.loginTest()'><b>loginTest</b><br>Test class: TestNGDemo.TNGDemo.TestNGFeatures</td>
<td></td>
<td>0</td>
<td>TestNGDemo.TNGDemo.TestNGFeatures@4f063c0a</td></tr>
<tr>
<td title='TestNGDemo.TNGDemo.GoogleTest.mailLinkTest()'><b>mailLinkTest</b><br>Test class: TestNGDemo.TNGDemo.GoogleTest</td>
<td></td>
<td>0</td>
<td>TestNGDemo.TNGDemo.GoogleTest@7d0587f1</td></tr>
<tr>
<td title='TestNGDemo.TNGDemo.TestNGFeatures.regPageTest()'><b>regPageTest</b><br>Test class: TestNGDemo.TNGDemo.TestNGFeatures</td>
<td></td>
<td>0</td>
<td>TestNGDemo.TNGDemo.TestNGFeatures@4f063c0a</td></tr>
<tr>
<td title='TestNGDemo.TNGDemo.TestNGFeatures.searchPageTest()'><b>searchPageTest</b><br>Test class: TestNGDemo.TNGDemo.TestNGFeatures</td>
<td></td>
<td>0</td>
<td>TestNGDemo.TNGDemo.TestNGFeatures@4f063c0a</td></tr>
<tr>
<td title='TestNGDemo.TNGDemo.TestNGBasics.searchTest()'><b>searchTest</b><br>Test class: TestNGDemo.TNGDemo.TestNGBasics</td>
<td></td>
<td>0</td>
<td>TestNGDemo.TNGDemo.TestNGBasics@5e853265</td></tr>
<tr>
<td title='TestNGDemo.TNGDemo.InvocationCountTest.sum()'><b>sum</b><br>Test class: TestNGDemo.TNGDemo.InvocationCountTest</td>
<td></td>
<td>0</td>
<td>TestNGDemo.TNGDemo.InvocationCountTest@2a17b7b6</td></tr>
<tr>
<td title='TestNGDemo.TNGDemo.InvocationCountTest.sum()'><b>sum</b><br>Test class: TestNGDemo.TNGDemo.InvocationCountTest</td>
<td></td>
<td>0</td>
<td>TestNGDemo.TNGDemo.InvocationCountTest@2a17b7b6</td></tr>
<tr>
<td title='TestNGDemo.TNGDemo.InvocationCountTest.sum()'><b>sum</b><br>Test class: TestNGDemo.TNGDemo.InvocationCountTest</td>
<td></td>
<td>0</td>
<td>TestNGDemo.TNGDemo.InvocationCountTest@2a17b7b6</td></tr>
<tr>
<td title='TestNGDemo.TNGDemo.InvocationCountTest.sum()'><b>sum</b><br>Test class: TestNGDemo.TNGDemo.InvocationCountTest</td>
<td></td>
<td>0</td>
<td>TestNGDemo.TNGDemo.InvocationCountTest@2a17b7b6</td></tr>
<tr>
<td title='TestNGDemo.TNGDemo.InvocationCountTest.sum()'><b>sum</b><br>Test class: TestNGDemo.TNGDemo.InvocationCountTest</td>
<td></td>
<td>0</td>
<td>TestNGDemo.TNGDemo.InvocationCountTest@2a17b7b6</td></tr>
<tr>
<td title='TestNGDemo.TNGDemo.InvocationCountTest.sum()'><b>sum</b><br>Test class: TestNGDemo.TNGDemo.InvocationCountTest</td>
<td></td>
<td>0</td>
<td>TestNGDemo.TNGDemo.InvocationCountTest@2a17b7b6</td></tr>
<tr>
<td title='TestNGDemo.TNGDemo.InvocationCountTest.sum()'><b>sum</b><br>Test class: TestNGDemo.TNGDemo.InvocationCountTest</td>
<td></td>
<td>0</td>
<td>TestNGDemo.TNGDemo.InvocationCountTest@2a17b7b6</td></tr>
<tr>
<td title='TestNGDemo.TNGDemo.InvocationCountTest.sum()'><b>sum</b><br>Test class: TestNGDemo.TNGDemo.InvocationCountTest</td>
<td></td>
<td>0</td>
<td>TestNGDemo.TNGDemo.InvocationCountTest@2a17b7b6</td></tr>
<tr>
<td title='TestNGDemo.TNGDemo.InvocationCountTest.sum()'><b>sum</b><br>Test class: TestNGDemo.TNGDemo.InvocationCountTest</td>
<td></td>
<td>0</td>
<td>TestNGDemo.TNGDemo.InvocationCountTest@2a17b7b6</td></tr>
<tr>
<td title='TestNGDemo.TNGDemo.InvocationCountTest.sum()'><b>sum</b><br>Test class: TestNGDemo.TNGDemo.InvocationCountTest</td>
<td></td>
<td>0</td>
<td>TestNGDemo.TNGDemo.InvocationCountTest@2a17b7b6</td></tr>
<tr>
<td title='TestNGDemo.TNGDemo.ExceptionTimeOutTest.test1()'><b>test1</b><br>Test class: TestNGDemo.TNGDemo.ExceptionTimeOutTest</td>
<td><div><pre>java.lang.NumberFormatException: For input string: &quot;100A&quot;
	at java.lang.NumberFormatException.forInputString(NumberFormatException.java:65)
	at java.lang.Integer.parseInt(Integer.java:580)
	at java.lang.Integer.parseInt(Integer.java:615)
	at TestNGDemo.TNGDemo.ExceptionTimeOutTest.test1(ExceptionTimeOutTest.java:28)
	at java.util.ArrayList.forEach(ArrayList.java:1257)
... Removed 27 stack frames</pre></div><a href='#' onClick='toggleBox("stack-trace897074030", this, "Click to show all stack frames", "Click to hide stack frames")'>Click to show all stack frames</a>
<div class='stack-trace' id='stack-trace897074030'><pre>java.lang.NumberFormatException: For input string: &quot;100A&quot;
	at java.lang.NumberFormatException.forInputString(NumberFormatException.java:65)
	at java.lang.Integer.parseInt(Integer.java:580)
	at java.lang.Integer.parseInt(Integer.java:615)
	at TestNGDemo.TNGDemo.ExceptionTimeOutTest.test1(ExceptionTimeOutTest.java:28)
	at sun.reflect.NativeMethodAccessorImpl.invoke0(Native Method)
	at sun.reflect.NativeMethodAccessorImpl.invoke(NativeMethodAccessorImpl.java:62)
	at sun.reflect.DelegatingMethodAccessorImpl.invoke(DelegatingMethodAccessorImpl.java:43)
	at java.lang.reflect.Method.invoke(Method.java:498)
	at org.testng.internal.MethodInvocationHelper.invokeMethod(MethodInvocationHelper.java:134)
	at org.testng.internal.TestInvoker.invokeMethod(TestInvoker.java:597)
	at org.testng.internal.TestInvoker.invokeTestMethod(TestInvoker.java:173)
	at org.testng.internal.MethodRunner.runInSequence(MethodRunner.java:46)
	at org.testng.internal.TestInvoker$MethodInvocationAgent.invoke(TestInvoker.java:816)
	at org.testng.internal.TestInvoker.invokeTestMethods(TestInvoker.java:146)
	at org.testng.internal.TestMethodWorker.invokeTestMethods(TestMethodWorker.java:146)
	at org.testng.internal.TestMethodWorker.run(TestMethodWorker.java:128)
	at java.util.ArrayList.forEach(ArrayList.java:1257)
	at org.testng.TestRunner.privateRun(TestRunner.java:766)
	at org.testng.TestRunner.run(TestRunner.java:587)
	at org.testng.SuiteRunner.runTest(SuiteRunner.java:384)
	at org.testng.SuiteRunner.runSequentially(SuiteRunner.java:378)
	at org.testng.SuiteRunner.privateRun(SuiteRunner.java:337)
	at org.testng.SuiteRunner.run(SuiteRunner.java:286)
	at org.testng.SuiteRunnerWorker.runSuite(SuiteRunnerWorker.java:53)
	at org.testng.SuiteRunnerWorker.run(SuiteRunnerWorker.java:96)
	at org.testng.TestNG.runSuitesSequentially(TestNG.java:1187)
	at org.testng.TestNG.runSuitesLocally(TestNG.java:1109)
	at org.testng.TestNG.runSuites(TestNG.java:1039)
	at org.testng.TestNG.run(TestNG.java:1007)
	at org.testng.remote.AbstractRemoteTestNG.run(AbstractRemoteTestNG.java:115)
	at org.testng.remote.RemoteTestNG.initAndRun(RemoteTestNG.java:251)
	at org.testng.remote.RemoteTestNG.main(RemoteTestNG.java:77)
</pre></div></td>
<td>0</td>
<td>TestNGDemo.TNGDemo.ExceptionTimeOutTest@67205a84</td></tr>
<tr>
<td title='TestNGDemo.TNGDemo.GoogleTest.test1()'><b>test1</b><br>Test class: TestNGDemo.TNGDemo.GoogleTest</td>
<td></td>
<td>0</td>
<td>TestNGDemo.TNGDemo.GoogleTest@7d0587f1</td></tr>
<tr>
<td title='TestNGDemo.TNGDemo.GoogleTest.test2()'><b>test2</b><br>Test class: TestNGDemo.TNGDemo.GoogleTest</td>
<td></td>
<td>0</td>
<td>TestNGDemo.TNGDemo.GoogleTest@7d0587f1</td></tr>
<tr>
<td title='TestNGDemo.TNGDemo.GoogleTest.test3()'><b>test3</b><br>Test class: TestNGDemo.TNGDemo.GoogleTest</td>
<td></td>
<td>0</td>
<td>TestNGDemo.TNGDemo.GoogleTest@7d0587f1</td></tr>
</table><p>
</body>
</html>